<?xml version="1.0" encoding="UTF-8"?>
<!-- Generated by org.testng.reporters.JUnitXMLReporter -->
<testsuite ignored="7" hostname="DESKTOP-Q1AIC31" failures="0" tests="1" name="Default test" time="10.098" errors="0" timestamp="2026-06-08T17:48:21 IST">
  <testcase classname="Project.Mainclass" name="registration" time="3.978"/>
  <testcase classname="Project.Mainclass" name="login" time="0.0">
    <ignored/>
  </testcase> <!-- login -->
  <testcase classname="Project.Mainclass" name="multipleSearch" time="0.0">
    <ignored/>
  </testcase> <!-- multipleSearch -->
  <testcase classname="Project.Mainclass" name="productDetails" time="0.0">
    <ignored/>
  </testcase> <!-- productDetails -->
  <testcase classname="Project.Mainclass" name="addCart" time="0.0">
    <ignored/>
  </testcase> <!-- addCart -->
  <testcase classname="Project.Mainclass" name="checkout" time="0.0">
    <ignored/>
  </testcase> <!-- checkout -->
  <testcase classname="Project.Mainclass" name="deleteCart" time="0.0">
    <ignored/>
  </testcase> <!-- deleteCart -->
  <testcase classname="Project.Mainclass" name="logout" time="0.0">
    <ignored/>
  </testcase> <!-- logout -->
</testsuite> <!-- Default test -->
