<?xml version="1.0" encoding="UTF-8"?>
<testng-results ignored="7" total="8" passed="1" failed="0" skipped="0">
  <reporter-output>
  </reporter-output>
  <suite started-at="2026-06-08T17:48:11 IST" name="Default suite" finished-at="2026-06-08T17:48:21 IST" duration-ms="10098">
    <groups>
      <group name="Smoke">
        <method signature="Mainclass.registration(java.lang.String,java.lang.String,java.lang.String,java.lang.String,java.lang.String)[pri:1, instance:Project.Mainclass@31190526]" name="registration" class="Project.Mainclass"/>
      </group> <!-- Smoke -->
    </groups>
    <test started-at="2026-06-08T17:48:11 IST" name="Default test" finished-at="2026-06-08T17:48:21 IST" duration-ms="10098">
      <class name="Project.Mainclass">
        <test-method is-config="true" signature="beforeTest()[pri:0, instance:Project.Mainclass@31190526]" started-at="2026-06-08T17:48:11 IST" name="beforeTest" finished-at="2026-06-08T17:48:17 IST" duration-ms="6042" status="PASS">
          <reporter-output>
          </reporter-output>
        </test-method> <!-- beforeTest -->
        <test-method signature="registration(java.lang.String,java.lang.String,java.lang.String,java.lang.String,java.lang.String)[pri:1, instance:Project.Mainclass@31190526]" started-at="2026-06-08T17:48:17 IST" name="registration" data-provider="data" finished-at="2026-06-08T17:48:21 IST" duration-ms="3978" status="PASS">
          <params>
            <param index="0">
              <value>
                <![CDATA[Sowmithran]]>
              </value>
            </param>
            <param index="1">
              <value>
                <![CDATA[V]]>
              </value>
            </param>
            <param index="2">
              <value>
                <![CDATA[suryvansi23@gmail.com]]>
              </value>
            </param>
            <param index="3">
              <value>
                <![CDATA[Sowmithran@24]]>
              </value>
            </param>
            <param index="4">
              <value>
                <![CDATA[Sowmithran@24]]>
              </value>
            </param>
          </params>
          <reporter-output>
          </reporter-output>
        </test-method> <!-- registration -->
        <test-method is-config="true" signature="afterTest()[pri:0, instance:Project.Mainclass@31190526]" started-at="2026-06-08T17:48:21 IST" name="afterTest" finished-at="2026-06-08T17:48:21 IST" duration-ms="1" status="PASS">
          <reporter-output>
          </reporter-output>
        </test-method> <!-- afterTest -->
      </class> <!-- Project.Mainclass -->
    </test> <!-- Default test -->
  </suite> <!-- Default suite -->
</testng-results>
