<?xml version="1.0" encoding="UTF-8"?>
<testng-results ignored="0" total="8" passed="7" failed="1" skipped="0">
  <reporter-output>
  </reporter-output>
  <suite started-at="2026-06-08T17:00:35 IST" name="Suite" finished-at="2026-06-08T17:01:14 IST" duration-ms="39732">
    <groups>
      <group name="Regression">
        <method signature="Mainclass.addCart()[pri:4, instance:Project.Mainclass@217ed35e]" name="addCart" class="Project.Mainclass"/>
        <method signature="Mainclass.productDetails()[pri:5, instance:Project.Mainclass@217ed35e]" name="productDetails" class="Project.Mainclass"/>
        <method signature="Mainclass.checkout()[pri:6, instance:Project.Mainclass@217ed35e]" name="checkout" class="Project.Mainclass"/>
      </group> <!-- Regression -->
      <group name="Smoke">
        <method signature="Mainclass.registration(java.lang.String,java.lang.String,java.lang.String,java.lang.String,java.lang.String)[pri:1, instance:Project.Mainclass@217ed35e]" name="registration" class="Project.Mainclass"/>
        <method signature="Mainclass.login(java.lang.String,java.lang.String)[pri:2, instance:Project.Mainclass@217ed35e]" name="login" class="Project.Mainclass"/>
        <method signature="Mainclass.multipleSearch(java.lang.String,java.lang.String)[pri:3, instance:Project.Mainclass@217ed35e]" name="multipleSearch" class="Project.Mainclass"/>
        <method signature="Mainclass.deleteCart()[pri:7, instance:Project.Mainclass@217ed35e]" name="deleteCart" class="Project.Mainclass"/>
        <method signature="Mainclass.logout()[pri:8, instance:Project.Mainclass@217ed35e]" name="logout" class="Project.Mainclass"/>
      </group> <!-- Smoke -->
    </groups>
    <test started-at="2026-06-08T17:00:35 IST" name="Test" finished-at="2026-06-08T17:01:14 IST" duration-ms="39732">
      <class name="Project.Mainclass">
        <test-method is-config="true" signature="beforeTest()[pri:0, instance:Project.Mainclass@217ed35e]" started-at="2026-06-08T17:00:35 IST" name="beforeTest" finished-at="2026-06-08T17:00:40 IST" duration-ms="5768" status="PASS">
          <reporter-output>
          </reporter-output>
        </test-method> <!-- beforeTest -->
        <test-method signature="registration(java.lang.String,java.lang.String,java.lang.String,java.lang.String,java.lang.String)[pri:1, instance:Project.Mainclass@217ed35e]" started-at="2026-06-08T17:00:40 IST" name="registration" data-provider="data" finished-at="2026-06-08T17:00:54 IST" duration-ms="13709" status="FAIL">
          <params>
            <param index="0">
              <value>
                <![CDATA[Sowmithran]]>
              </value>
            </param>
            <param index="1">
              <value>
                <![CDATA[V]]>
              </value>
            </param>
            <param index="2">
              <value>
                <![CDATA[ishankishanselenium@gmail.com]]>
              </value>
            </param>
            <param index="3">
              <value>
                <![CDATA[Sowmithran@24]]>
              </value>
            </param>
            <param index="4">
              <value>
                <![CDATA[Sowmithran@24]]>
              </value>
            </param>
          </params>
          <exception class="org.openqa.selenium.TimeoutException">
            <message>
              <![CDATA[Expected condition failed: waiting for element to be clickable: By.cssSelector: .register-continue-button (tried for 10 second(s) with 500 milliseconds interval)
Build info: version: '4.33.0', revision: '2c6aaad03a'
System info: os.name: 'Windows 11', os.arch: 'amd64', os.version: '10.0', java.version: '17.0.14'
Driver info: org.openqa.selenium.chrome.ChromeDriver
Capabilities {acceptInsecureCerts: false, browserName: chrome, browserVersion: 149.0.7827.54, chrome: {chromedriverVersion: 149.0.7827.54 (42ce21f112d0..., userDataDir: C:\Users\SOWMIT~1\AppData\L...}, fedcm:accounts: true, goog:chromeOptions: {debuggerAddress: localhost:58313}, goog:processID: 128768, networkConnectionEnabled: false, pageLoadStrategy: normal, platformName: windows, proxy: Proxy(), se:cdp: ws://localhost:58313/devtoo..., se:cdpVersion: 149.0.7827.54, setWindowRect: true, strictFileInteractability: false, timeouts: {implicit: 0, pageLoad: 300000, script: 30000}, unhandledPromptBehavior: dismiss and notify, webauthn:extension:credBlob: true, webauthn:extension:largeBlob: true, webauthn:extension:minPinLength: true, webauthn:extension:prf: true, webauthn:virtualAuthenticators: true}
Session ID: ce14d89f642f1bc3e5701f0670871ef1]]>
            </message>
            <full-stacktrace>
              <![CDATA[org.openqa.selenium.TimeoutException: Expected condition failed: waiting for element to be clickable: By.cssSelector: .register-continue-button (tried for 10 second(s) with 500 milliseconds interval)
Build info: version: '4.33.0', revision: '2c6aaad03a'
System info: os.name: 'Windows 11', os.arch: 'amd64', os.version: '10.0', java.version: '17.0.14'
Driver info: org.openqa.selenium.chrome.ChromeDriver
Capabilities {acceptInsecureCerts: false, browserName: chrome, browserVersion: 149.0.7827.54, chrome: {chromedriverVersion: 149.0.7827.54 (42ce21f112d0..., userDataDir: C:\Users\SOWMIT~1\AppData\L...}, fedcm:accounts: true, goog:chromeOptions: {debuggerAddress: localhost:58313}, goog:processID: 128768, networkConnectionEnabled: false, pageLoadStrategy: normal, platformName: windows, proxy: Proxy(), se:cdp: ws://localhost:58313/devtoo..., se:cdpVersion: 149.0.7827.54, setWindowRect: true, strictFileInteractability: false, timeouts: {implicit: 0, pageLoad: 300000, script: 30000}, unhandledPromptBehavior: dismiss and notify, webauthn:extension:credBlob: true, webauthn:extension:largeBlob: true, webauthn:extension:minPinLength: true, webauthn:extension:prf: true, webauthn:virtualAuthenticators: true}
Session ID: ce14d89f642f1bc3e5701f0670871ef1
at org.openqa.selenium.support.ui.WebDriverWait.timeoutException(WebDriverWait.java:84)
at org.openqa.selenium.support.ui.FluentWait.until(FluentWait.java:228)
at Project.POM_Implementation.registerUser(POM_Implementation.java:79)
at Project.Mainclass.registration(Mainclass.java:68)
at java.base/jdk.internal.reflect.NativeMethodAccessorImpl.invoke0(Native Method)
at java.base/jdk.internal.reflect.NativeMethodAccessorImpl.invoke(NativeMethodAccessorImpl.java:77)
at java.base/jdk.internal.reflect.DelegatingMethodAccessorImpl.invoke(DelegatingMethodAccessorImpl.java:43)
at java.base/java.lang.reflect.Method.invoke(Method.java:568)
at org.testng.internal.invokers.MethodInvocationHelper.invokeMethod(MethodInvocationHelper.java:141)
at org.testng.internal.invokers.TestInvoker.invokeMethod(TestInvoker.java:697)
at org.testng.internal.invokers.TestInvoker.invokeTestMethod(TestInvoker.java:230)
at org.testng.internal.invokers.MethodRunner.runInSequence(MethodRunner.java:63)
at org.testng.internal.invokers.TestInvoker$MethodInvocationAgent.invoke(TestInvoker.java:1005)
at org.testng.internal.invokers.TestInvoker.invokeTestMethods(TestInvoker.java:203)
at org.testng.internal.invokers.TestMethodWorker.invokeTestMethods(TestMethodWorker.java:154)
at org.testng.internal.invokers.TestMethodWorker.run(TestMethodWorker.java:134)
at java.base/java.util.ArrayList.forEach(ArrayList.java:1511)
at org.testng.TestRunner.privateRun(TestRunner.java:744)
at org.testng.TestRunner.run(TestRunner.java:616)
at org.testng.SuiteRunner.runTest(SuiteRunner.java:421)
at org.testng.SuiteRunner.runSequentially(SuiteRunner.java:413)
at org.testng.SuiteRunner.privateRun(SuiteRunner.java:373)
at org.testng.SuiteRunner.run(SuiteRunner.java:312)
at org.testng.SuiteRunnerWorker.runSuite(SuiteRunnerWorker.java:52)
at org.testng.SuiteRunnerWorker.run(SuiteRunnerWorker.java:95)
at org.testng.TestNG.runSuitesSequentially(TestNG.java:1274)
at org.testng.TestNG.runSuitesLocally(TestNG.java:1208)
at org.testng.TestNG.runSuites(TestNG.java:1112)
at org.testng.TestNG.run(TestNG.java:1079)
at org.testng.remote.AbstractRemoteTestNG.run(AbstractRemoteTestNG.java:115)
at org.testng.remote.RemoteTestNG.initAndRun(RemoteTestNG.java:293)
at org.testng.remote.RemoteTestNG.main(RemoteTestNG.java:91)
]]>
            </full-stacktrace>
          </exception> <!-- org.openqa.selenium.TimeoutException -->
          <reporter-output>
          </reporter-output>
        </test-method> <!-- registration -->
        <test-method signature="login(java.lang.String,java.lang.String)[pri:2, instance:Project.Mainclass@217ed35e]" started-at="2026-06-08T17:00:54 IST" name="login" data-provider="Login" finished-at="2026-06-08T17:00:57 IST" duration-ms="2800" status="PASS">
          <params>
            <param index="0">
              <value>
                <![CDATA[Selenium4477@gmail.com]]>
              </value>
            </param>
            <param index="1">
              <value>
                <![CDATA[Sowmithran@24]]>
              </value>
            </param>
          </params>
          <reporter-output>
          </reporter-output>
        </test-method> <!-- login -->
        <test-method signature="multipleSearch(java.lang.String,java.lang.String)[pri:3, instance:Project.Mainclass@217ed35e]" started-at="2026-06-08T17:00:57 IST" name="multipleSearch" data-provider="search" finished-at="2026-06-08T17:01:01 IST" duration-ms="3703" status="PASS">
          <params>
            <param index="0">
              <value>
                <![CDATA[Laptop]]>
              </value>
            </param>
            <param index="1">
              <value>
                <![CDATA[SmartPhone]]>
              </value>
            </param>
          </params>
          <reporter-output>
          </reporter-output>
        </test-method> <!-- multipleSearch -->
        <test-method signature="addCart()[pri:4, instance:Project.Mainclass@217ed35e]" started-at="2026-06-08T17:01:01 IST" name="addCart" finished-at="2026-06-08T17:01:03 IST" duration-ms="2308" status="PASS">
          <reporter-output>
          </reporter-output>
        </test-method> <!-- addCart -->
        <test-method signature="productDetails()[pri:5, instance:Project.Mainclass@217ed35e]" started-at="2026-06-08T17:01:03 IST" name="productDetails" finished-at="2026-06-08T17:01:08 IST" duration-ms="4673" status="PASS">
          <reporter-output>
          </reporter-output>
        </test-method> <!-- productDetails -->
        <test-method signature="checkout()[pri:6, instance:Project.Mainclass@217ed35e]" started-at="2026-06-08T17:01:08 IST" name="checkout" finished-at="2026-06-08T17:01:10 IST" duration-ms="2742" status="PASS">
          <reporter-output>
          </reporter-output>
        </test-method> <!-- checkout -->
        <test-method signature="deleteCart()[pri:7, instance:Project.Mainclass@217ed35e]" started-at="2026-06-08T17:01:10 IST" name="deleteCart" finished-at="2026-06-08T17:01:11 IST" duration-ms="1010" status="PASS">
          <reporter-output>
          </reporter-output>
        </test-method> <!-- deleteCart -->
        <test-method signature="logout()[pri:8, instance:Project.Mainclass@217ed35e]" started-at="2026-06-08T17:01:11 IST" name="logout" finished-at="2026-06-08T17:01:13 IST" duration-ms="1783" status="PASS">
          <reporter-output>
          </reporter-output>
        </test-method> <!-- logout -->
        <test-method is-config="true" signature="afterTest()[pri:0, instance:Project.Mainclass@217ed35e]" started-at="2026-06-08T17:01:13 IST" name="afterTest" finished-at="2026-06-08T17:01:14 IST" duration-ms="1017" status="PASS">
          <reporter-output>
          </reporter-output>
        </test-method> <!-- afterTest -->
      </class> <!-- Project.Mainclass -->
    </test> <!-- Test -->
  </suite> <!-- Suite -->
</testng-results>
